#
# There is insufficient memory for the Java Runtime Environment to continue.
# Native memory allocation (malloc) failed to allocate 299216 bytes for Chunk::new
# Possible reasons:
#   The system is out of physical RAM or swap space
#   The process is running with CompressedOops enabled, and the Java Heap may be blocking the growth of the native heap
# Possible solutions:
#   Reduce memory load on the system
#   Increase physical memory or swap space
#   Check if swap backing store is full
#   Decrease Java heap size (-Xmx/-Xms)
#   Decrease number of Java threads
#   Decrease Java thread stack sizes (-Xss)
#   Set larger code cache with -XX:ReservedCodeCacheSize=
#   JVM is running with Unscaled Compressed Oops mode in which the Java heap is
#     placed in the first 4GB address space. The Java Heap base address is the
#     maximum limit for the native heap growth. Please use -XX:HeapBaseMinAddress
#     to set the Java Heap base and to place the Java Heap above 4GB virtual address.
# This output file may be truncated or incomplete.
#
#  Out of Memory Error (./src/hotspot/share/memory/arena.cpp:197), pid=13528, tid=15576
#
# JRE version: OpenJDK Runtime Environment (11.0.10) (build 11.0.10+0-b96-7249189)
# Java VM: OpenJDK 64-Bit Server VM (11.0.10+0-b96-7249189, mixed mode, tiered, compressed oops, g1 gc, windows-amd64)
# No core dump will be written. Minidumps are not enabled by default on client versions of Windows
#

---------------  S U M M A R Y ------------

Command Line: --add-opens=java.base/java.util=ALL-UNNAMED --add-opens=java.base/java.lang=ALL-UNNAMED --add-opens=java.base/java.lang.invoke=ALL-UNNAMED --add-opens=java.base/java.util=ALL-UNNAMED --add-opens=java.prefs/java.util.prefs=ALL-UNNAMED --add-opens=java.prefs/java.util.prefs=ALL-UNNAMED --add-opens=java.base/java.nio.charset=ALL-UNNAMED --add-opens=java.base/java.net=ALL-UNNAMED --add-opens=java.base/java.util.concurrent.atomic=ALL-UNNAMED -Xmx2048m -Dfile.encoding=UTF-8 -Duser.country=US -Duser.language=en -Duser.variant org.gradle.launcher.daemon.bootstrap.GradleDaemon 7.0.2

Host: Intel(R) Core(TM) i5-9300H CPU @ 2.40GHz, 8 cores, 7G,  Windows 10 , 64 bit Build 19041 (10.0.19041.1348)
Time: Mon Nov 22 09:16:02 2021 SE Asia Standard Time elapsed time: 174.103620 seconds (0d 0h 2m 54s)

---------------  T H R E A D  ---------------

Current thread (0x000001bbc7fe9800):  JavaThread "C2 CompilerThread0" daemon [_thread_in_native, id=15576, stack(0x0000007dffe00000,0x0000007dfff00000)]


Current CompileTask:
C2: 174103 17249   !   4       java.util.concurrent.ArrayBlockingQueue::poll (83 bytes)

Stack: [0x0000007dffe00000,0x0000007dfff00000]
Native frames: (J=compiled Java code, j=interpreted, Vv=VM code, C=native code)
V  [jvm.dll+0x5ecfaa]
V  [jvm.dll+0x722bd5]
V  [jvm.dll+0x72412d]
V  [jvm.dll+0x7247e3]
V  [jvm.dll+0x242928]
V  [jvm.dll+0xbc4fc]
V  [jvm.dll+0xbca0c]
V  [jvm.dll+0x2b4fd4]
V  [jvm.dll+0x506028]
V  [jvm.dll+0x1fccf6]
V  [jvm.dll+0x1fa77f]
V  [jvm.dll+0x18354c]
V  [jvm.dll+0x208ee7]
V  [jvm.dll+0x207731]
V  [jvm.dll+0x6eb1cf]
V  [jvm.dll+0x6e3d45]
V  [jvm.dll+0x5ebe96]
C  [ucrtbase.dll+0x21bb2]
C  [KERNEL32.DLL+0x17034]
C  [ntdll.dll+0x52651]


---------------  P R O C E S S  ---------------

Threads class SMR info:
_java_thread_list=0x000001bbcc9bf360, length=71, elements={
0x000001bbad31a000, 0x000001bbc7fc9000, 0x000001bbc7fcc800, 0x000001bbc7fe3000,
0x000001bbc7fe5800, 0x000001bbc7fe6800, 0x000001bbc7fe9800, 0x000001bbc7fee000,
0x000001bbc77be000, 0x000001bbc8139800, 0x000001bbc9a65000, 0x000001bbca11d000,
0x000001bbc9d1a800, 0x000001bbc8afa800, 0x000001bbc809c800, 0x000001bbc809d800,
0x000001bbc809e800, 0x000001bbc809f000, 0x000001bbc809a000, 0x000001bbc809b000,
0x000001bbca5f1800, 0x000001bbca5f2000, 0x000001bbca5ef000, 0x000001bbca5f3000,
0x000001bbca5ee000, 0x000001bbca5ed800, 0x000001bbca5f5800, 0x000001bbca5f0800,
0x000001bbca5f9800, 0x000001bbcc360800, 0x000001bbcc364000, 0x000001bbcc365000,
0x000001bbcc361800, 0x000001bbcc363000, 0x000001bbcc365800, 0x000001bbcc368000,
0x000001bbcc366800, 0x000001bbcc362800, 0x000001bbcc36e800, 0x000001bbcc36c000,
0x000001bbcc369000, 0x000001bbcc36f800, 0x000001bbcc369800, 0x000001bbcc36a800,
0x000001bbcc36b800, 0x000001bbcc36e000, 0x000001bbcc36d000, 0x000001bbca5f4000,
0x000001bbca5f0000, 0x000001bbca5f4800, 0x000001bbca5f6800, 0x000001bbca5fb000,
0x000001bbca5fc000, 0x000001bbca5f8800, 0x000001bbc8099800, 0x000001bbc809c000,
0x000001bbc8098800, 0x000001bbd065d800, 0x000001bbd0664000, 0x000001bbd0663000,
0x000001bbd065f000, 0x000001bbd0660800, 0x000001bbd0661800, 0x000001bbd0662000,
0x000001bbd065f800, 0x000001bbd065e000, 0x000001bbcc5fb000, 0x000001bbcc5ff800,
0x000001bbcc5fc000, 0x000001bbcc5fd000, 0x000001bbcc600000
}

Java Threads: ( => current thread )
  0x000001bbad31a000 JavaThread "main" [_thread_blocked, id=12896, stack(0x0000007dff200000,0x0000007dff300000)]
  0x000001bbc7fc9000 JavaThread "Reference Handler" daemon [_thread_blocked, id=10692, stack(0x0000007dff900000,0x0000007dffa00000)]
  0x000001bbc7fcc800 JavaThread "Finalizer" daemon [_thread_blocked, id=9700, stack(0x0000007dffa00000,0x0000007dffb00000)]
  0x000001bbc7fe3000 JavaThread "Signal Dispatcher" daemon [_thread_blocked, id=10056, stack(0x0000007dffb00000,0x0000007dffc00000)]
  0x000001bbc7fe5800 JavaThread "Attach Listener" daemon [_thread_blocked, id=11352, stack(0x0000007dffc00000,0x0000007dffd00000)]
  0x000001bbc7fe6800 JavaThread "Service Thread" daemon [_thread_blocked, id=5028, stack(0x0000007dffd00000,0x0000007dffe00000)]
=>0x000001bbc7fe9800 JavaThread "C2 CompilerThread0" daemon [_thread_in_native, id=15576, stack(0x0000007dffe00000,0x0000007dfff00000)]
  0x000001bbc7fee000 JavaThread "C1 CompilerThread0" daemon [_thread_blocked, id=8172, stack(0x0000007dfff00000,0x0000007e00000000)]
  0x000001bbc77be000 JavaThread "Sweeper thread" daemon [_thread_blocked, id=14380, stack(0x0000007d80000000,0x0000007d80100000)]
  0x000001bbc8139800 JavaThread "Common-Cleaner" daemon [_thread_blocked, id=10508, stack(0x0000007d80100000,0x0000007d80200000)]
  0x000001bbc9a65000 JavaThread "Daemon health stats" [_thread_blocked, id=1268, stack(0x0000007d80500000,0x0000007d80600000)]
  0x000001bbca11d000 JavaThread "Incoming local TCP Connector on port 58374" [_thread_in_native, id=14740, stack(0x0000007d80600000,0x0000007d80700000)]
  0x000001bbc9d1a800 JavaThread "Daemon periodic checks" [_thread_blocked, id=15344, stack(0x0000007d80700000,0x0000007d80800000)]
  0x000001bbc8afa800 JavaThread "Daemon" [_thread_blocked, id=3584, stack(0x0000007d80800000,0x0000007d80900000)]
  0x000001bbc809c800 JavaThread "Cache worker for file hash cache (C:\Users\ASUS\.gradle\caches\7.0.2\fileHashes)" [_thread_blocked, id=3392, stack(0x0000007d81400000,0x0000007d81500000)]
  0x000001bbc809d800 JavaThread "File lock request listener" [_thread_in_native, id=16244, stack(0x0000007d81500000,0x0000007d81600000)]
  0x000001bbc809e800 JavaThread "Cache worker for journal cache (C:\Users\ASUS\.gradle\caches\journal-1)" [_thread_blocked, id=5768, stack(0x0000007d81700000,0x0000007d81800000)]
  0x000001bbc809f000 JavaThread "File watcher server" daemon [_thread_in_native, id=3536, stack(0x0000007d81900000,0x0000007d81a00000)]
  0x000001bbc809a000 JavaThread "File watcher consumer" daemon [_thread_blocked, id=13008, stack(0x0000007d81a00000,0x0000007d81b00000)]
  0x000001bbc809b000 JavaThread "jar transforms" [_thread_blocked, id=12540, stack(0x0000007d81b00000,0x0000007d81c00000)]
  0x000001bbca5f1800 JavaThread "jar transforms Thread 2" [_thread_blocked, id=9244, stack(0x0000007d81c00000,0x0000007d81d00000)]
  0x000001bbca5f2000 JavaThread "jar transforms Thread 3" [_thread_blocked, id=2312, stack(0x0000007d81d00000,0x0000007d81e00000)]
  0x000001bbca5ef000 JavaThread "jar transforms Thread 4" [_thread_blocked, id=12476, stack(0x0000007d81e00000,0x0000007d81f00000)]
  0x000001bbca5f3000 JavaThread "jar transforms Thread 5" [_thread_blocked, id=6472, stack(0x0000007d81f00000,0x0000007d82000000)]
  0x000001bbca5ee000 JavaThread "jar transforms Thread 6" [_thread_blocked, id=4236, stack(0x0000007d82000000,0x0000007d82100000)]
  0x000001bbca5ed800 JavaThread "jar transforms Thread 7" [_thread_blocked, id=5892, stack(0x0000007d82100000,0x0000007d82200000)]
  0x000001bbca5f5800 JavaThread "jar transforms Thread 8" [_thread_blocked, id=6876, stack(0x0000007d82200000,0x0000007d82300000)]
  0x000001bbca5f0800 JavaThread "Cache worker for execution history cache (C:\Users\ASUS\.gradle\caches\7.0.2\executionHistory)" [_thread_blocked, id=15436, stack(0x0000007d82600000,0x0000007d82700000)]
  0x000001bbca5f9800 JavaThread "Cache worker for file content cache (C:\Users\ASUS\.gradle\caches\7.0.2\fileContent)" [_thread_blocked, id=9412, stack(0x0000007d82700000,0x0000007d82800000)]
  0x000001bbcc360800 JavaThread "Memory manager" [_thread_blocked, id=420, stack(0x0000007d83400000,0x0000007d83500000)]
  0x000001bbcc364000 JavaThread "pool-3-thread-1" [_thread_blocked, id=3152, stack(0x0000007d83500000,0x0000007d83600000)]
  0x000001bbcc365000 JavaThread "Handler for socket connection from /127.0.0.1:58374 to /127.0.0.1:58398" [_thread_in_native, id=8268, stack(0x0000007d80900000,0x0000007d80a00000)]
  0x000001bbcc361800 JavaThread "Cancel handler" [_thread_blocked, id=14620, stack(0x0000007d80a00000,0x0000007d80b00000)]
  0x000001bbcc363000 JavaThread "Daemon worker Thread 2" [_thread_blocked, id=16372, stack(0x0000007d80b00000,0x0000007d80c00000)]
  0x000001bbcc365800 JavaThread "Asynchronous log dispatcher for DefaultDaemonConnection: socket connection from /127.0.0.1:58374 to /127.0.0.1:58398" [_thread_blocked, id=14700, stack(0x0000007d80c00000,0x0000007d80d00000)]
  0x000001bbcc368000 JavaThread "Stdin handler" [_thread_blocked, id=8560, stack(0x0000007d80d00000,0x0000007d80e00000)]
  0x000001bbcc366800 JavaThread "Daemon client event forwarder" [_thread_blocked, id=3612, stack(0x0000007d80e00000,0x0000007d80f00000)]
  0x000001bbcc362800 JavaThread "Cache worker for file hash cache (C:\Users\ASUS\Documents\GitHub\Poloskuy-client-mobile\apkpoloskuy\.gradle\7.0.2\fileHashes)" [_thread_blocked, id=11608, stack(0x0000007d81800000,0x0000007d81900000)]
  0x000001bbcc36e800 JavaThread "Cache worker for checksums cache (C:\Users\ASUS\Documents\GitHub\Poloskuy-client-mobile\apkpoloskuy\.gradle\checksums)" [_thread_blocked, id=7104, stack(0x0000007d82300000,0x0000007d82400000)]
  0x000001bbcc36c000 JavaThread "Cache worker for cache directory md-supplier (C:\Users\ASUS\.gradle\caches\7.0.2\md-supplier)" [_thread_blocked, id=12912, stack(0x0000007d82400000,0x0000007d82500000)]
  0x000001bbcc369000 JavaThread "Cache worker for cache directory md-rule (C:\Users\ASUS\.gradle\caches\7.0.2\md-rule)" [_thread_blocked, id=17952, stack(0x0000007d82500000,0x0000007d82600000)]
  0x000001bbcc36f800 JavaThread "Cache worker for dependencies-accessors (C:\Users\ASUS\Documents\GitHub\Poloskuy-client-mobile\apkpoloskuy\.gradle\7.0.2\dependencies-accessors)" [_thread_blocked, id=18428, stack(0x0000007d82800000,0x0000007d82900000)]
  0x000001bbcc369800 JavaThread "Cache worker for Build Output Cleanup Cache (C:\Users\ASUS\Documents\GitHub\Poloskuy-client-mobile\apkpoloskuy\.gradle\buildOutputCleanup)" [_thread_blocked, id=15452, stack(0x0000007d82900000,0x0000007d82a00000)]
  0x000001bbcc36a800 JavaThread "Build operations" [_thread_blocked, id=4660, stack(0x0000007d82a00000,0x0000007d82b00000)]
  0x000001bbcc36b800 JavaThread "Build operations Thread 2" [_thread_blocked, id=10144, stack(0x0000007d82b00000,0x0000007d82c00000)]
  0x000001bbcc36e000 JavaThread "Build operations Thread 3" [_thread_blocked, id=6416, stack(0x0000007d82c00000,0x0000007d82d00000)]
  0x000001bbcc36d000 JavaThread "Build operations Thread 4" [_thread_blocked, id=12816, stack(0x0000007d82d00000,0x0000007d82e00000)]
  0x000001bbca5f4000 JavaThread "Build operations Thread 5" [_thread_blocked, id=13284, stack(0x0000007d82e00000,0x0000007d82f00000)]
  0x000001bbca5f0000 JavaThread "Build operations Thread 6" [_thread_blocked, id=6960, stack(0x0000007d82f00000,0x0000007d83000000)]
  0x000001bbca5f4800 JavaThread "Build operations Thread 7" [_thread_blocked, id=12296, stack(0x0000007d83000000,0x0000007d83100000)]
  0x000001bbca5f6800 JavaThread "Build operations Thread 8" [_thread_blocked, id=17976, stack(0x0000007d83100000,0x0000007d83200000)]
  0x000001bbca5fb000 JavaThread "build event listener" [_thread_blocked, id=15228, stack(0x0000007d83200000,0x0000007d83300000)]
  0x000001bbca5fc000 JavaThread "pool-6-thread-1" [_thread_blocked, id=9740, stack(0x0000007d83700000,0x0000007d83800000)]
  0x000001bbca5f8800 JavaThread "build event listener" [_thread_blocked, id=5540, stack(0x0000007d83800000,0x0000007d83900000)]
  0x000001bbc8099800 JavaThread "Execution worker for ':'" [_thread_blocked, id=13272, stack(0x0000007d83900000,0x0000007d83a00000)]
  0x000001bbc809c000 JavaThread "Execution worker for ':' Thread 2" [_thread_blocked, id=9212, stack(0x0000007d83a00000,0x0000007d83b00000)]
  0x000001bbc8098800 JavaThread "Execution worker for ':' Thread 3" [_thread_blocked, id=13964, stack(0x0000007d83b00000,0x0000007d83c00000)]
  0x000001bbd065d800 JavaThread "Execution worker for ':' Thread 4" [_thread_blocked, id=16740, stack(0x0000007d83c00000,0x0000007d83d00000)]
  0x000001bbd0664000 JavaThread "Execution worker for ':' Thread 5" [_thread_blocked, id=7880, stack(0x0000007d83d00000,0x0000007d83e00000)]
  0x000001bbd0663000 JavaThread "Execution worker for ':' Thread 6" [_thread_blocked, id=5148, stack(0x0000007d83e00000,0x0000007d83f00000)]
  0x000001bbd065f000 JavaThread "Execution worker for ':' Thread 7" [_thread_blocked, id=10436, stack(0x0000007d83f00000,0x0000007d84000000)]
  0x000001bbd0660800 JavaThread "Cache worker for execution history cache (C:\Users\ASUS\Documents\GitHub\Poloskuy-client-mobile\apkpoloskuy\.gradle\7.0.2\executionHistory)" [_thread_blocked, id=13396, stack(0x0000007d84000000,0x0000007d84100000)]
  0x000001bbd0661800 JavaThread "WorkerExecutor Queue" [_thread_blocked, id=6768, stack(0x0000007d84100000,0x0000007d84200000)]
  0x000001bbd0662000 JavaThread "WorkerExecutor Queue Thread 2" [_thread_blocked, id=13168, stack(0x0000007d84200000,0x0000007d84300000)]
  0x000001bbd065f800 JavaThread "WorkerExecutor Queue Thread 3" [_thread_blocked, id=16220, stack(0x0000007d84300000,0x0000007d84400000)]
  0x000001bbd065e000 JavaThread "WorkerExecutor Queue Thread 4" [_thread_blocked, id=13636, stack(0x0000007d84400000,0x0000007d84500000)]
  0x000001bbcc5fb000 JavaThread "WorkerExecutor Queue Thread 5" [_thread_blocked, id=6156, stack(0x0000007d84500000,0x0000007d84600000)]
  0x000001bbcc5ff800 JavaThread "WorkerExecutor Queue Thread 6" [_thread_blocked, id=13176, stack(0x0000007d84600000,0x0000007d84700000)]
  0x000001bbcc5fc000 JavaThread "WorkerExecutor Queue Thread 7" [_thread_blocked, id=9404, stack(0x0000007d84700000,0x0000007d84800000)]
  0x000001bbcc5fd000 JavaThread "WorkerExecutor Queue Thread 8" [_thread_blocked, id=14128, stack(0x0000007d84800000,0x0000007d84900000)]
  0x000001bbcc600000 JavaThread "Java2D Disposer" daemon [_thread_blocked, id=3896, stack(0x0000007d84b00000,0x0000007d84c00000)]

Other Threads:
  0x000001bbc7fc6000 VMThread "VM Thread" [stack: 0x0000007dff800000,0x0000007dff900000] [id=5428]
  0x000001bbc81cc000 WatcherThread [stack: 0x0000007d80200000,0x0000007d80300000] [id=14676]
  0x000001bbad332800 GCTaskThread "GC Thread#0" [stack: 0x0000007dff300000,0x0000007dff400000] [id=15740]
  0x000001bbc8fd2800 GCTaskThread "GC Thread#1" [stack: 0x0000007d80300000,0x0000007d80400000] [id=3148]
  0x000001bbc8c92000 GCTaskThread "GC Thread#2" [stack: 0x0000007d80400000,0x0000007d80500000] [id=8312]
  0x000001bbca0c0800 GCTaskThread "GC Thread#3" [stack: 0x0000007d80f00000,0x0000007d81000000] [id=7464]
  0x000001bbc9da9000 GCTaskThread "GC Thread#4" [stack: 0x0000007d81000000,0x0000007d81100000] [id=16424]
  0x000001bbc91b1800 GCTaskThread "GC Thread#5" [stack: 0x0000007d81100000,0x0000007d81200000] [id=13316]
  0x000001bbc974c000 GCTaskThread "GC Thread#6" [stack: 0x0000007d81200000,0x0000007d81300000] [id=12528]
  0x000001bbc974c800 GCTaskThread "GC Thread#7" [stack: 0x0000007d81300000,0x0000007d81400000] [id=10008]
  0x000001bbad367000 ConcurrentGCThread "G1 Main Marker" [stack: 0x0000007dff400000,0x0000007dff500000] [id=18224]
  0x000001bbad368800 ConcurrentGCThread "G1 Conc#0" [stack: 0x0000007dff500000,0x0000007dff600000] [id=5220]
  0x000001bbca0fa800 ConcurrentGCThread "G1 Conc#1" [stack: 0x0000007d81600000,0x0000007d81700000] [id=11372]
  0x000001bbc75d0800 ConcurrentGCThread "G1 Refine#0" [stack: 0x0000007dff600000,0x0000007dff700000] [id=9064]
  0x000001bbc75d1000 ConcurrentGCThread "G1 Young RemSet Sampling" [stack: 0x0000007dff700000,0x0000007dff800000] [id=15372]

Threads with active compile tasks:
C2 CompilerThread0 174166 17249   !   4       java.util.concurrent.ArrayBlockingQueue::poll (83 bytes)

VM state:not at safepoint (normal execution)

VM Mutex/Monitor currently owned by a thread: None

Heap address: 0x0000000080000000, size: 2048 MB, Compressed Oops mode: 32-bit
Narrow klass base: 0x0000000000000000, Narrow klass shift: 3
Compressed class space size: 1073741824 Address: 0x0000000100000000

Heap:
 garbage-first heap   total 225280K, used 172867K [0x0000000080000000, 0x0000000100000000)
  region size 1024K, 27 young (27648K), 1 survivors (1024K)
 Metaspace       used 127886K, capacity 131120K, committed 131456K, reserved 1163264K
  class space    used 15725K, capacity 16905K, committed 17024K, reserved 1048576K
Heap Regions: E=young(eden), S=young(survivor), O=old, HS=humongous(starts), HC=humongous(continues), CS=collection set, F=free, A=archive, TAMS=top-at-mark-start (previous, next)
|   0|0x0000000080000000, 0x0000000080100000, 0x0000000080100000|100%| O|  |TAMS 0x0000000080100000, 0x0000000080000000| Untracked 
|   1|0x0000000080100000, 0x0000000080200000, 0x0000000080200000|100%| O|  |TAMS 0x0000000080200000, 0x0000000080100000| Untracked 
|   2|0x0000000080200000, 0x0000000080300000, 0x0000000080300000|100%| O|  |TAMS 0x0000000080300000, 0x0000000080200000| Untracked 
|   3|0x0000000080300000, 0x0000000080400000, 0x0000000080400000|100%|HS|  |TAMS 0x0000000080400000, 0x0000000080300000| Complete 
|   4|0x0000000080400000, 0x0000000080500000, 0x0000000080500000|100%|HC|  |TAMS 0x0000000080500000, 0x0000000080400000| Complete 
|   5|0x0000000080500000, 0x0000000080600000, 0x0000000080600000|100%|HC|  |TAMS 0x0000000080600000, 0x0000000080500000| Complete 
|   6|0x0000000080600000, 0x0000000080700000, 0x0000000080700000|100%| O|  |TAMS 0x0000000080700000, 0x0000000080600000| Untracked 
|   7|0x0000000080700000, 0x0000000080800000, 0x0000000080800000|100%| O|  |TAMS 0x0000000080800000, 0x0000000080700000| Untracked 
|   8|0x0000000080800000, 0x0000000080900000, 0x0000000080900000|100%| O|  |TAMS 0x0000000080900000, 0x0000000080800000| Untracked 
|   9|0x0000000080900000, 0x0000000080a00000, 0x0000000080a00000|100%| O|  |TAMS 0x0000000080a00000, 0x0000000080900000| Untracked 
|  10|0x0000000080a00000, 0x0000000080b00000, 0x0000000080b00000|100%| O|  |TAMS 0x0000000080b00000, 0x0000000080a00000| Untracked 
|  11|0x0000000080b00000, 0x0000000080c00000, 0x0000000080c00000|100%| O|  |TAMS 0x0000000080c00000, 0x0000000080b00000| Untracked 
|  12|0x0000000080c00000, 0x0000000080d00000, 0x0000000080d00000|100%| O|  |TAMS 0x0000000080c00000, 0x0000000080c00000| Untracked 
|  13|0x0000000080d00000, 0x0000000080e00000, 0x0000000080e00000|100%| O|  |TAMS 0x0000000080e00000, 0x0000000080d00000| Untracked 
|  14|0x0000000080e00000, 0x0000000080f00000, 0x0000000080f00000|100%| O|  |TAMS 0x0000000080f00000, 0x0000000080e00000| Untracked 
|  15|0x0000000080f00000, 0x0000000081000000, 0x0000000081000000|100%| O|  |TAMS 0x0000000081000000, 0x0000000080f00000| Untracked 
|  16|0x0000000081000000, 0x0000000081100000, 0x0000000081100000|100%|HS|  |TAMS 0x0000000081100000, 0x0000000081000000| Complete 
|  17|0x0000000081100000, 0x0000000081200000, 0x0000000081200000|100%|HC|  |TAMS 0x0000000081200000, 0x0000000081100000| Complete 
|  18|0x0000000081200000, 0x0000000081300000, 0x0000000081300000|100%|HS|  |TAMS 0x0000000081300000, 0x0000000081200000| Complete 
|  19|0x0000000081300000, 0x0000000081400000, 0x0000000081400000|100%|HC|  |TAMS 0x0000000081400000, 0x0000000081300000| Complete 
|  20|0x0000000081400000, 0x0000000081500000, 0x0000000081500000|100%|HC|  |TAMS 0x0000000081500000, 0x0000000081400000| Complete 
|  21|0x0000000081500000, 0x0000000081600000, 0x0000000081600000|100%|HS|  |TAMS 0x0000000081600000, 0x0000000081500000| Complete 
|  22|0x0000000081600000, 0x0000000081700000, 0x0000000081700000|100%|HC|  |TAMS 0x0000000081700000, 0x0000000081600000| Complete 
|  23|0x0000000081700000, 0x0000000081800000, 0x0000000081800000|100%|HC|  |TAMS 0x0000000081800000, 0x0000000081700000| Complete 
|  24|0x0000000081800000, 0x0000000081900000, 0x0000000081900000|100%|HC|  |TAMS 0x0000000081900000, 0x0000000081800000| Complete 
|  25|0x0000000081900000, 0x0000000081a00000, 0x0000000081a00000|100%|HC|  |TAMS 0x0000000081a00000, 0x0000000081900000| Complete 
|  26|0x0000000081a00000, 0x0000000081b00000, 0x0000000081b00000|100%| O|  |TAMS 0x0000000081b00000, 0x0000000081a00000| Untracked 
|  27|0x0000000081b00000, 0x0000000081c00000, 0x0000000081c00000|100%| O|  |TAMS 0x0000000081c00000, 0x0000000081b00000| Untracked 
|  28|0x0000000081c00000, 0x0000000081d00000, 0x0000000081d00000|100%| O|  |TAMS 0x0000000081d00000, 0x0000000081c00000| Untracked 
|  29|0x0000000081d00000, 0x0000000081e00000, 0x0000000081e00000|100%|HS|  |TAMS 0x0000000081e00000, 0x0000000081d00000| Complete 
|  30|0x0000000081e00000, 0x0000000081f00000, 0x0000000081f00000|100%|HC|  |TAMS 0x0000000081f00000, 0x0000000081e00000| Complete 
|  31|0x0000000081f00000, 0x0000000082000000, 0x0000000082000000|100%|HC|  |TAMS 0x0000000082000000, 0x0000000081f00000| Complete 
|  32|0x0000000082000000, 0x0000000082100000, 0x0000000082100000|100%| O|  |TAMS 0x0000000082100000, 0x0000000082000000| Untracked 
|  33|0x0000000082100000, 0x0000000082200000, 0x0000000082200000|100%| O|  |TAMS 0x0000000082200000, 0x0000000082100000| Untracked 
|  34|0x0000000082200000, 0x0000000082300000, 0x0000000082300000|100%| O|  |TAMS 0x0000000082300000, 0x0000000082200000| Untracked 
|  35|0x0000000082300000, 0x0000000082400000, 0x0000000082400000|100%| O|  |TAMS 0x0000000082400000, 0x0000000082300000| Untracked 
|  36|0x0000000082400000, 0x0000000082500000, 0x0000000082500000|100%|HS|  |TAMS 0x0000000082500000, 0x0000000082400000| Complete 
|  37|0x0000000082500000, 0x0000000082600000, 0x0000000082600000|100%|HC|  |TAMS 0x0000000082600000, 0x0000000082500000| Complete 
|  38|0x0000000082600000, 0x0000000082700000, 0x0000000082700000|100%|HC|  |TAMS 0x0000000082700000, 0x0000000082600000| Complete 
|  39|0x0000000082700000, 0x0000000082800000, 0x0000000082800000|100%|HC|  |TAMS 0x0000000082800000, 0x0000000082700000| Complete 
|  40|0x0000000082800000, 0x0000000082900000, 0x0000000082900000|100%|HC|  |TAMS 0x0000000082900000, 0x0000000082800000| Complete 
|  41|0x0000000082900000, 0x0000000082a00000, 0x0000000082a00000|100%| O|  |TAMS 0x0000000082a00000, 0x0000000082900000| Untracked 
|  42|0x0000000082a00000, 0x0000000082b00000, 0x0000000082b00000|100%| O|  |TAMS 0x0000000082b00000, 0x0000000082a00000| Untracked 
|  43|0x0000000082b00000, 0x0000000082c00000, 0x0000000082c00000|100%| O|  |TAMS 0x0000000082c00000, 0x0000000082b00000| Untracked 
|  44|0x0000000082c00000, 0x0000000082d00000, 0x0000000082d00000|100%| O|  |TAMS 0x0000000082d00000, 0x0000000082c00000| Untracked 
|  45|0x0000000082d00000, 0x0000000082e00000, 0x0000000082e00000|100%| O|  |TAMS 0x0000000082e00000, 0x0000000082d00000| Untracked 
|  46|0x0000000082e00000, 0x0000000082f00000, 0x0000000082f00000|100%|HS|  |TAMS 0x0000000082f00000, 0x0000000082e00000| Complete 
|  47|0x0000000082f00000, 0x0000000083000000, 0x0000000083000000|100%| O|  |TAMS 0x0000000083000000, 0x0000000082f00000| Untracked 
|  48|0x0000000083000000, 0x0000000083100000, 0x0000000083100000|100%| O|  |TAMS 0x0000000083100000, 0x0000000083000000| Untracked 
|  49|0x0000000083100000, 0x0000000083200000, 0x0000000083200000|100%| O|  |TAMS 0x0000000083200000, 0x0000000083100000| Untracked 
|  50|0x0000000083200000, 0x0000000083300000, 0x0000000083300000|100%| O|  |TAMS 0x0000000083300000, 0x0000000083200000| Untracked 
|  51|0x0000000083300000, 0x0000000083400000, 0x0000000083400000|100%|HS|  |TAMS 0x0000000083400000, 0x0000000083300000| Complete 
|  52|0x0000000083400000, 0x0000000083500000, 0x0000000083500000|100%|HS|  |TAMS 0x0000000083500000, 0x0000000083400000| Complete 
|  53|0x0000000083500000, 0x0000000083600000, 0x0000000083600000|100%|HC|  |TAMS 0x0000000083600000, 0x0000000083500000| Complete 
|  54|0x0000000083600000, 0x0000000083700000, 0x0000000083700000|100%| O|  |TAMS 0x0000000083700000, 0x0000000083600000| Untracked 
|  55|0x0000000083700000, 0x0000000083800000, 0x0000000083800000|100%| O|  |TAMS 0x0000000083800000, 0x0000000083700000| Untracked 
|  56|0x0000000083800000, 0x0000000083900000, 0x0000000083900000|100%| O|  |TAMS 0x0000000083900000, 0x0000000083800000| Untracked 
|  57|0x0000000083900000, 0x0000000083a00000, 0x0000000083a00000|100%| O|  |TAMS 0x0000000083a00000, 0x0000000083900000| Untracked 
|  58|0x0000000083a00000, 0x0000000083b00000, 0x0000000083b00000|100%| O|  |TAMS 0x0000000083b00000, 0x0000000083a00000| Untracked 
|  59|0x0000000083b00000, 0x0000000083c00000, 0x0000000083c00000|100%| O|  |TAMS 0x0000000083c00000, 0x0000000083b00000| Untracked 
|  60|0x0000000083c00000, 0x0000000083d00000, 0x0000000083d00000|100%| O|  |TAMS 0x0000000083d00000, 0x0000000083c00000| Untracked 
|  61|0x0000000083d00000, 0x0000000083e00000, 0x0000000083e00000|100%| O|  |TAMS 0x0000000083e00000, 0x0000000083d00000| Untracked 
|  62|0x0000000083e00000, 0x0000000083f00000, 0x0000000083f00000|100%| O|  |TAMS 0x0000000083f00000, 0x0000000083e00000| Untracked 
|  63|0x0000000083f00000, 0x0000000084000000, 0x0000000084000000|100%| O|  |TAMS 0x0000000084000000, 0x0000000083f00000| Untracked 
|  64|0x0000000084000000, 0x0000000084100000, 0x0000000084100000|100%| O|  |TAMS 0x0000000084100000, 0x0000000084000000| Untracked 
|  65|0x0000000084100000, 0x0000000084200000, 0x0000000084200000|100%| O|  |TAMS 0x0000000084200000, 0x0000000084100000| Untracked 
|  66|0x0000000084200000, 0x0000000084300000, 0x0000000084300000|100%| O|  |TAMS 0x0000000084300000, 0x0000000084200000| Untracked 
|  67|0x0000000084300000, 0x0000000084400000, 0x0000000084400000|100%| O|  |TAMS 0x0000000084400000, 0x0000000084300000| Untracked 
|  68|0x0000000084400000, 0x0000000084500000, 0x0000000084500000|100%| O|  |TAMS 0x0000000084500000, 0x0000000084400000| Untracked 
|  69|0x0000000084500000, 0x0000000084600000, 0x0000000084600000|100%| O|  |TAMS 0x0000000084600000, 0x0000000084500000| Untracked 
|  70|0x0000000084600000, 0x0000000084700000, 0x0000000084700000|100%| O|  |TAMS 0x0000000084700000, 0x0000000084600000| Untracked 
|  71|0x0000000084700000, 0x0000000084800000, 0x0000000084800000|100%| O|  |TAMS 0x0000000084800000, 0x0000000084700000| Untracked 
|  72|0x0000000084800000, 0x0000000084900000, 0x0000000084900000|100%| O|  |TAMS 0x0000000084900000, 0x0000000084800000| Untracked 
|  73|0x0000000084900000, 0x0000000084a00000, 0x0000000084a00000|100%| O|  |TAMS 0x0000000084a00000, 0x0000000084900000| Untracked 
|  74|0x0000000084a00000, 0x0000000084b00000, 0x0000000084b00000|100%| O|  |TAMS 0x0000000084b00000, 0x0000000084a00000| Untracked 
|  75|0x0000000084b00000, 0x0000000084c00000, 0x0000000084c00000|100%| O|  |TAMS 0x0000000084c00000, 0x0000000084b00000| Untracked 
|  76|0x0000000084c00000, 0x0000000084d00000, 0x0000000084d00000|100%| O|  |TAMS 0x0000000084d00000, 0x0000000084c00000| Untracked 
|  77|0x0000000084d00000, 0x0000000084e00000, 0x0000000084e00000|100%| O|  |TAMS 0x0000000084e00000, 0x0000000084d00000| Untracked 
|  78|0x0000000084e00000, 0x0000000084f00000, 0x0000000084f00000|100%| O|  |TAMS 0x0000000084f00000, 0x0000000084e00000| Untracked 
|  79|0x0000000084f00000, 0x0000000085000000, 0x0000000085000000|100%| O|  |TAMS 0x0000000085000000, 0x0000000084f00000| Untracked 
|  80|0x0000000085000000, 0x0000000085100000, 0x0000000085100000|100%| O|  |TAMS 0x0000000085100000, 0x0000000085000000| Untracked 
|  81|0x0000000085100000, 0x0000000085200000, 0x0000000085200000|100%| O|  |TAMS 0x0000000085200000, 0x0000000085100000| Untracked 
|  82|0x0000000085200000, 0x0000000085300000, 0x0000000085300000|100%| O|  |TAMS 0x0000000085300000, 0x0000000085200000| Untracked 
|  83|0x0000000085300000, 0x0000000085400000, 0x0000000085400000|100%| O|  |TAMS 0x0000000085400000, 0x0000000085300000| Untracked 
|  84|0x0000000085400000, 0x0000000085500000, 0x0000000085500000|100%| O|  |TAMS 0x0000000085500000, 0x0000000085400000| Untracked 
|  85|0x0000000085500000, 0x0000000085600000, 0x0000000085600000|100%| O|  |TAMS 0x0000000085600000, 0x0000000085500000| Untracked 
|  86|0x0000000085600000, 0x0000000085700000, 0x0000000085700000|100%| O|  |TAMS 0x0000000085700000, 0x0000000085600000| Untracked 
|  87|0x0000000085700000, 0x0000000085800000, 0x0000000085800000|100%| O|  |TAMS 0x0000000085800000, 0x0000000085700000| Untracked 
|  88|0x0000000085800000, 0x0000000085900000, 0x0000000085900000|100%| O|  |TAMS 0x0000000085900000, 0x0000000085800000| Untracked 
|  89|0x0000000085900000, 0x0000000085a00000, 0x0000000085a00000|100%| O|  |TAMS 0x0000000085a00000, 0x0000000085900000| Untracked 
|  90|0x0000000085a00000, 0x0000000085b00000, 0x0000000085b00000|100%| O|  |TAMS 0x0000000085b00000, 0x0000000085a00000| Untracked 
|  91|0x0000000085b00000, 0x0000000085c00000, 0x0000000085c00000|100%| O|  |TAMS 0x0000000085c00000, 0x0000000085b00000| Untracked 
|  92|0x0000000085c00000, 0x0000000085d00000, 0x0000000085d00000|100%| O|  |TAMS 0x0000000085d00000, 0x0000000085c00000| Untracked 
|  93|0x0000000085d00000, 0x0000000085e00000, 0x0000000085e00000|100%| O|  |TAMS 0x0000000085e00000, 0x0000000085d00000| Untracked 
|  94|0x0000000085e00000, 0x0000000085f00000, 0x0000000085f00000|100%| O|  |TAMS 0x0000000085f00000, 0x0000000085e00000| Untracked 
|  95|0x0000000085f00000, 0x0000000086000000, 0x0000000086000000|100%| O|  |TAMS 0x0000000086000000, 0x0000000085f00000| Untracked 
|  96|0x0000000086000000, 0x0000000086100000, 0x0000000086100000|100%| O|  |TAMS 0x0000000086100000, 0x0000000086000000| Untracked 
|  97|0x0000000086100000, 0x0000000086200000, 0x0000000086200000|100%| O|  |TAMS 0x0000000086200000, 0x0000000086100000| Untracked 
|  98|0x0000000086200000, 0x0000000086300000, 0x0000000086300000|100%| O|  |TAMS 0x0000000086300000, 0x0000000086200000| Untracked 
|  99|0x0000000086300000, 0x0000000086400000, 0x0000000086400000|100%| O|  |TAMS 0x0000000086400000, 0x0000000086300000| Untracked 
| 100|0x0000000086400000, 0x0000000086500000, 0x0000000086500000|100%|HS|  |TAMS 0x0000000086500000, 0x0000000086400000| Complete 
| 101|0x0000000086500000, 0x0000000086600000, 0x0000000086600000|100%| O|  |TAMS 0x0000000086600000, 0x0000000086500000| Untracked 
| 102|0x0000000086600000, 0x0000000086700000, 0x0000000086700000|100%| O|  |TAMS 0x0000000086700000, 0x0000000086600000| Untracked 
| 103|0x0000000086700000, 0x0000000086800000, 0x0000000086800000|100%| O|  |TAMS 0x0000000086800000, 0x0000000086700000| Untracked 
| 104|0x0000000086800000, 0x0000000086900000, 0x0000000086900000|100%| O|  |TAMS 0x0000000086900000, 0x0000000086800000| Untracked 
| 105|0x0000000086900000, 0x0000000086a00000, 0x0000000086a00000|100%| O|  |TAMS 0x0000000086a00000, 0x0000000086900000| Untracked 
| 106|0x0000000086a00000, 0x0000000086b00000, 0x0000000086b00000|100%| O|  |TAMS 0x0000000086b00000, 0x0000000086a00000| Untracked 
| 107|0x0000000086b00000, 0x0000000086c00000, 0x0000000086c00000|100%| O|  |TAMS 0x0000000086c00000, 0x0000000086b00000| Untracked 
| 108|0x0000000086c00000, 0x0000000086d00000, 0x0000000086d00000|100%| O|  |TAMS 0x0000000086d00000, 0x0000000086c00000| Untracked 
| 109|0x0000000086d00000, 0x0000000086e00000, 0x0000000086e00000|100%| O|  |TAMS 0x0000000086e00000, 0x0000000086d00000| Untracked 
| 110|0x0000000086e00000, 0x0000000086f00000, 0x0000000086f00000|100%| O|  |TAMS 0x0000000086f00000, 0x0000000086e00000| Untracked 
| 111|0x0000000086f00000, 0x0000000087000000, 0x0000000087000000|100%| O|  |TAMS 0x0000000087000000, 0x0000000086f00000| Untracked 
| 112|0x0000000087000000, 0x0000000087100000, 0x0000000087100000|100%| O|  |TAMS 0x0000000087100000, 0x0000000087000000| Untracked 
| 113|0x0000000087100000, 0x0000000087200000, 0x0000000087200000|100%| O|  |TAMS 0x0000000087200000, 0x0000000087100000| Untracked 
| 114|0x0000000087200000, 0x0000000087300000, 0x0000000087300000|100%| O|  |TAMS 0x0000000087300000, 0x0000000087200000| Untracked 
| 115|0x0000000087300000, 0x0000000087400000, 0x0000000087400000|100%| O|  |TAMS 0x0000000087400000, 0x0000000087300000| Untracked 
| 116|0x0000000087400000, 0x0000000087500000, 0x0000000087500000|100%| O|  |TAMS 0x0000000087500000, 0x0000000087400000| Untracked 
| 117|0x0000000087500000, 0x0000000087600000, 0x0000000087600000|100%| O|  |TAMS 0x0000000087600000, 0x0000000087500000| Untracked 
| 118|0x0000000087600000, 0x0000000087700000, 0x0000000087700000|100%| O|  |TAMS 0x0000000087700000, 0x0000000087600000| Untracked 
| 119|0x0000000087700000, 0x0000000087800000, 0x0000000087800000|100%| O|  |TAMS 0x0000000087800000, 0x0000000087700000| Untracked 
| 120|0x0000000087800000, 0x0000000087900000, 0x0000000087900000|100%| O|  |TAMS 0x0000000087900000, 0x0000000087800000| Untracked 
| 121|0x0000000087900000, 0x0000000087a00000, 0x0000000087a00000|100%| O|  |TAMS 0x0000000087a00000, 0x0000000087900000| Untracked 
| 122|0x0000000087a00000, 0x0000000087b00000, 0x0000000087b00000|100%| O|  |TAMS 0x0000000087b00000, 0x0000000087a00000| Untracked 
| 123|0x0000000087b00000, 0x0000000087c00000, 0x0000000087c00000|100%| O|  |TAMS 0x0000000087c00000, 0x0000000087b00000| Untracked 
| 124|0x0000000087c00000, 0x0000000087d00000, 0x0000000087d00000|100%| O|  |TAMS 0x0000000087d00000, 0x0000000087c00000| Untracked 
| 125|0x0000000087d00000, 0x0000000087e00000, 0x0000000087e00000|100%| O|  |TAMS 0x0000000087e00000, 0x0000000087d00000| Untracked 
| 126|0x0000000087e00000, 0x0000000087f00000, 0x0000000087f00000|100%| O|  |TAMS 0x0000000087f00000, 0x0000000087e00000| Untracked 
| 127|0x0000000087f00000, 0x0000000088000000, 0x0000000088000000|100%| O|  |TAMS 0x0000000088000000, 0x0000000087f00000| Untracked 
| 128|0x0000000088000000, 0x0000000088100000, 0x0000000088100000|100%| O|  |TAMS 0x0000000088000000, 0x0000000088000000| Untracked 
| 129|0x0000000088100000, 0x0000000088200000, 0x0000000088200000|100%| O|  |TAMS 0x0000000088100000, 0x0000000088100000| Untracked 
| 130|0x0000000088200000, 0x0000000088300000, 0x0000000088300000|100%| O|  |TAMS 0x0000000088200000, 0x0000000088200000| Untracked 
| 131|0x0000000088300000, 0x0000000088400000, 0x0000000088400000|100%| O|  |TAMS 0x0000000088300000, 0x0000000088300000| Untracked 
| 132|0x0000000088400000, 0x0000000088500000, 0x0000000088500000|100%| O|  |TAMS 0x0000000088400000, 0x0000000088400000| Untracked 
| 133|0x0000000088500000, 0x0000000088600000, 0x0000000088600000|100%| O|  |TAMS 0x0000000088500000, 0x0000000088500000| Untracked 
| 134|0x0000000088600000, 0x0000000088700000, 0x0000000088700000|100%| O|  |TAMS 0x0000000088600000, 0x0000000088600000| Untracked 
| 135|0x0000000088700000, 0x0000000088800000, 0x0000000088800000|100%| O|  |TAMS 0x0000000088700000, 0x0000000088700000| Untracked 
| 136|0x0000000088800000, 0x0000000088900000, 0x0000000088900000|100%| O|  |TAMS 0x00000000888e9600, 0x0000000088800000| Untracked 
| 137|0x0000000088900000, 0x00000000889e1000, 0x0000000088a00000| 87%| O|  |TAMS 0x0000000088900000, 0x0000000088900000| Untracked 
| 138|0x0000000088a00000, 0x0000000088b00000, 0x0000000088b00000|100%| O|  |TAMS 0x0000000088b00000, 0x0000000088a00000| Untracked 
| 139|0x0000000088b00000, 0x0000000088c00000, 0x0000000088c00000|100%| O|  |TAMS 0x0000000088c00000, 0x0000000088b00000| Untracked 
| 140|0x0000000088c00000, 0x0000000088d00000, 0x0000000088d00000|100%| O|  |TAMS 0x0000000088d00000, 0x0000000088c00000| Untracked 
| 141|0x0000000088d00000, 0x0000000088e00000, 0x0000000088e00000|100%| O|  |TAMS 0x0000000088e00000, 0x0000000088d00000| Untracked 
| 142|0x0000000088e00000, 0x0000000088f00000, 0x0000000088f00000|100%| O|  |TAMS 0x0000000088f00000, 0x0000000088e00000| Untracked 
| 143|0x0000000088f00000, 0x0000000089000000, 0x0000000089000000|100%| O|  |TAMS 0x0000000089000000, 0x0000000088f00000| Untracked 
| 144|0x0000000089000000, 0x0000000089000000, 0x0000000089100000|  0%| F|  |TAMS 0x0000000089000000, 0x0000000089000000| Untracked 
| 145|0x0000000089100000, 0x0000000089100000, 0x0000000089200000|  0%| F|  |TAMS 0x0000000089100000, 0x0000000089100000| Untracked 
| 146|0x0000000089200000, 0x0000000089200000, 0x0000000089300000|  0%| F|  |TAMS 0x0000000089200000, 0x0000000089200000| Untracked 
| 147|0x0000000089300000, 0x0000000089300000, 0x0000000089400000|  0%| F|  |TAMS 0x0000000089300000, 0x0000000089300000| Untracked 
| 148|0x0000000089400000, 0x0000000089400000, 0x0000000089500000|  0%| F|  |TAMS 0x0000000089400000, 0x0000000089400000| Untracked 
| 149|0x0000000089500000, 0x0000000089500000, 0x0000000089600000|  0%| F|  |TAMS 0x0000000089500000, 0x0000000089500000| Untracked 
| 150|0x0000000089600000, 0x0000000089600000, 0x0000000089700000|  0%| F|  |TAMS 0x0000000089600000, 0x0000000089600000| Untracked 
| 151|0x0000000089700000, 0x0000000089700000, 0x0000000089800000|  0%| F|  |TAMS 0x0000000089700000, 0x0000000089700000| Untracked 
| 152|0x0000000089800000, 0x0000000089800000, 0x0000000089900000|  0%| F|  |TAMS 0x0000000089800000, 0x0000000089800000| Untracked 
| 153|0x0000000089900000, 0x0000000089900000, 0x0000000089a00000|  0%| F|  |TAMS 0x0000000089900000, 0x0000000089900000| Untracked 
| 154|0x0000000089a00000, 0x0000000089a00000, 0x0000000089b00000|  0%| F|  |TAMS 0x0000000089a00000, 0x0000000089a00000| Untracked 
| 155|0x0000000089b00000, 0x0000000089b00000, 0x0000000089c00000|  0%| F|  |TAMS 0x0000000089b00000, 0x0000000089b00000| Untracked 
| 156|0x0000000089c00000, 0x0000000089c00000, 0x0000000089d00000|  0%| F|  |TAMS 0x0000000089c00000, 0x0000000089c00000| Untracked 
| 157|0x0000000089d00000, 0x0000000089d00000, 0x0000000089e00000|  0%| F|  |TAMS 0x0000000089d00000, 0x0000000089d00000| Untracked 
| 158|0x0000000089e00000, 0x0000000089e00000, 0x0000000089f00000|  0%| F|  |TAMS 0x0000000089e00000, 0x0000000089e00000| Untracked 
| 159|0x0000000089f00000, 0x0000000089f00000, 0x000000008a000000|  0%| F|  |TAMS 0x0000000089f00000, 0x0000000089f00000| Untracked 
| 160|0x000000008a000000, 0x000000008a000000, 0x000000008a100000|  0%| F|  |TAMS 0x000000008a000000, 0x000000008a000000| Untracked 
| 161|0x000000008a100000, 0x000000008a100000, 0x000000008a200000|  0%| F|  |TAMS 0x000000008a100000, 0x000000008a100000| Untracked 
| 162|0x000000008a200000, 0x000000008a200000, 0x000000008a300000|  0%| F|  |TAMS 0x000000008a200000, 0x000000008a200000| Untracked 
| 163|0x000000008a300000, 0x000000008a300000, 0x000000008a400000|  0%| F|  |TAMS 0x000000008a300000, 0x000000008a300000| Untracked 
| 164|0x000000008a400000, 0x000000008a400000, 0x000000008a500000|  0%| F|  |TAMS 0x000000008a400000, 0x000000008a400000| Untracked 
| 165|0x000000008a500000, 0x000000008a500000, 0x000000008a600000|  0%| F|  |TAMS 0x000000008a500000, 0x000000008a500000| Untracked 
| 166|0x000000008a600000, 0x000000008a600000, 0x000000008a700000|  0%| F|  |TAMS 0x000000008a600000, 0x000000008a600000| Untracked 
| 167|0x000000008a700000, 0x000000008a700000, 0x000000008a800000|  0%| F|  |TAMS 0x000000008a700000, 0x000000008a700000| Untracked 
| 168|0x000000008a800000, 0x000000008a800000, 0x000000008a900000|  0%| F|  |TAMS 0x000000008a800000, 0x000000008a800000| Untracked 
| 169|0x000000008a900000, 0x000000008a900000, 0x000000008aa00000|  0%| F|  |TAMS 0x000000008a900000, 0x000000008a900000| Untracked 
| 170|0x000000008aa00000, 0x000000008aa00000, 0x000000008ab00000|  0%| F|  |TAMS 0x000000008aa00000, 0x000000008aa00000| Untracked 
| 171|0x000000008ab00000, 0x000000008ab00000, 0x000000008ac00000|  0%| F|  |TAMS 0x000000008ab00000, 0x000000008ab00000| Untracked 
| 172|0x000000008ac00000, 0x000000008ac00000, 0x000000008ad00000|  0%| F|  |TAMS 0x000000008ac00000, 0x000000008ac00000| Untracked 
| 173|0x000000008ad00000, 0x000000008ad00000, 0x000000008ae00000|  0%| F|  |TAMS 0x000000008ad00000, 0x000000008ad00000| Untracked 
| 174|0x000000008ae00000, 0x000000008ae00000, 0x000000008af00000|  0%| F|  |TAMS 0x000000008ae00000, 0x000000008ae00000| Untracked 
| 175|0x000000008af00000, 0x000000008af00000, 0x000000008b000000|  0%| F|  |TAMS 0x000000008af00000, 0x000000008af00000| Untracked 
| 176|0x000000008b000000, 0x000000008b000000, 0x000000008b100000|  0%| F|  |TAMS 0x000000008b000000, 0x000000008b000000| Untracked 
| 177|0x000000008b100000, 0x000000008b100000, 0x000000008b200000|  0%| F|  |TAMS 0x000000008b100000, 0x000000008b100000| Untracked 
| 178|0x000000008b200000, 0x000000008b200000, 0x000000008b300000|  0%| F|  |TAMS 0x000000008b200000, 0x000000008b200000| Untracked 
| 179|0x000000008b300000, 0x000000008b300000, 0x000000008b400000|  0%| F|  |TAMS 0x000000008b300000, 0x000000008b300000| Untracked 
| 180|0x000000008b400000, 0x000000008b400000, 0x000000008b500000|  0%| F|  |TAMS 0x000000008b400000, 0x000000008b400000| Untracked 
| 181|0x000000008b500000, 0x000000008b500000, 0x000000008b600000|  0%| F|  |TAMS 0x000000008b500000, 0x000000008b500000| Untracked 
| 182|0x000000008b600000, 0x000000008b600000, 0x000000008b700000|  0%| F|  |TAMS 0x000000008b600000, 0x000000008b600000| Untracked 
| 183|0x000000008b700000, 0x000000008b700000, 0x000000008b800000|  0%| F|  |TAMS 0x000000008b700000, 0x000000008b700000| Untracked 
| 184|0x000000008b800000, 0x000000008b8efc40, 0x000000008b900000| 93%| S|CS|TAMS 0x000000008b800000, 0x000000008b800000| Complete 
| 185|0x000000008b900000, 0x000000008b900000, 0x000000008ba00000|  0%| F|  |TAMS 0x000000008b900000, 0x000000008b900000| Untracked 
| 186|0x000000008ba00000, 0x000000008ba00000, 0x000000008bb00000|  0%| F|  |TAMS 0x000000008ba00000, 0x000000008ba00000| Untracked 
| 187|0x000000008bb00000, 0x000000008bb00000, 0x000000008bc00000|  0%| F|  |TAMS 0x000000008bb00000, 0x000000008bb00000| Untracked 
| 188|0x000000008bc00000, 0x000000008bc00000, 0x000000008bd00000|  0%| F|  |TAMS 0x000000008bc00000, 0x000000008bc00000| Untracked 
| 189|0x000000008bd00000, 0x000000008bd00000, 0x000000008be00000|  0%| F|  |TAMS 0x000000008bd00000, 0x000000008bd00000| Untracked 
| 190|0x000000008be00000, 0x000000008be00000, 0x000000008bf00000|  0%| F|  |TAMS 0x000000008be00000, 0x000000008be00000| Untracked 
| 191|0x000000008bf00000, 0x000000008bf00000, 0x000000008c000000|  0%| F|  |TAMS 0x000000008bf00000, 0x000000008bf00000| Untracked 
| 192|0x000000008c000000, 0x000000008c000000, 0x000000008c100000|  0%| F|  |TAMS 0x000000008c000000, 0x000000008c000000| Untracked 
| 193|0x000000008c100000, 0x000000008c100000, 0x000000008c200000|  0%| F|  |TAMS 0x000000008c100000, 0x000000008c100000| Untracked 
| 194|0x000000008c200000, 0x000000008c2d89d8, 0x000000008c300000| 84%| E|  |TAMS 0x000000008c200000, 0x000000008c200000| Complete 
| 195|0x000000008c300000, 0x000000008c400000, 0x000000008c400000|100%| E|CS|TAMS 0x000000008c300000, 0x000000008c300000| Complete 
| 196|0x000000008c400000, 0x000000008c500000, 0x000000008c500000|100%| E|  |TAMS 0x000000008c400000, 0x000000008c400000| Complete 
| 197|0x000000008c500000, 0x000000008c600000, 0x000000008c600000|100%| E|CS|TAMS 0x000000008c500000, 0x000000008c500000| Complete 
| 198|0x000000008c600000, 0x000000008c700000, 0x000000008c700000|100%| E|CS|TAMS 0x000000008c600000, 0x000000008c600000| Complete 
| 199|0x000000008c700000, 0x000000008c800000, 0x000000008c800000|100%| E|CS|TAMS 0x000000008c700000, 0x000000008c700000| Complete 
| 200|0x000000008c800000, 0x000000008c900000, 0x000000008c900000|100%| E|CS|TAMS 0x000000008c800000, 0x000000008c800000| Complete 
| 201|0x000000008c900000, 0x000000008ca00000, 0x000000008ca00000|100%| E|CS|TAMS 0x000000008c900000, 0x000000008c900000| Complete 
| 202|0x000000008ca00000, 0x000000008cb00000, 0x000000008cb00000|100%| E|CS|TAMS 0x000000008ca00000, 0x000000008ca00000| Complete 
| 203|0x000000008cb00000, 0x000000008cc00000, 0x000000008cc00000|100%| E|CS|TAMS 0x000000008cb00000, 0x000000008cb00000| Complete 
| 204|0x000000008cc00000, 0x000000008cd00000, 0x000000008cd00000|100%| E|CS|TAMS 0x000000008cc00000, 0x000000008cc00000| Complete 
| 205|0x000000008cd00000, 0x000000008ce00000, 0x000000008ce00000|100%| E|CS|TAMS 0x000000008cd00000, 0x000000008cd00000| Complete 
| 206|0x000000008ce00000, 0x000000008cf00000, 0x000000008cf00000|100%| E|CS|TAMS 0x000000008ce00000, 0x000000008ce00000| Complete 
| 207|0x000000008cf00000, 0x000000008d000000, 0x000000008d000000|100%| E|CS|TAMS 0x000000008cf00000, 0x000000008cf00000| Complete 
| 208|0x000000008d000000, 0x000000008d100000, 0x000000008d100000|100%| E|CS|TAMS 0x000000008d000000, 0x000000008d000000| Complete 
| 209|0x000000008d100000, 0x000000008d200000, 0x000000008d200000|100%| E|CS|TAMS 0x000000008d100000, 0x000000008d100000| Complete 
| 210|0x000000008d200000, 0x000000008d300000, 0x000000008d300000|100%| E|CS|TAMS 0x000000008d200000, 0x000000008d200000| Complete 
| 211|0x000000008d300000, 0x000000008d400000, 0x000000008d400000|100%| E|CS|TAMS 0x000000008d300000, 0x000000008d300000| Complete 
| 212|0x000000008d400000, 0x000000008d500000, 0x000000008d500000|100%| E|CS|TAMS 0x000000008d400000, 0x000000008d400000| Complete 
| 213|0x000000008d500000, 0x000000008d600000, 0x000000008d600000|100%| E|CS|TAMS 0x000000008d500000, 0x000000008d500000| Complete 
| 214|0x000000008d600000, 0x000000008d700000, 0x000000008d700000|100%| E|CS|TAMS 0x000000008d600000, 0x000000008d600000| Complete 
| 215|0x000000008d700000, 0x000000008d800000, 0x000000008d800000|100%| E|CS|TAMS 0x000000008d700000, 0x000000008d700000| Complete 
| 216|0x000000008d800000, 0x000000008d900000, 0x000000008d900000|100%| E|CS|TAMS 0x000000008d800000, 0x000000008d800000| Complete 
| 217|0x000000008d900000, 0x000000008da00000, 0x000000008da00000|100%| E|CS|TAMS 0x000000008d900000, 0x000000008d900000| Complete 
| 218|0x000000008da00000, 0x000000008db00000, 0x000000008db00000|100%| E|CS|TAMS 0x000000008da00000, 0x000000008da00000| Complete 
| 219|0x000000008db00000, 0x000000008dc00000, 0x000000008dc00000|100%| E|CS|TAMS 0x000000008db00000, 0x000000008db00000| Complete 

Card table byte_map: [0x000001bbc0540000,0x000001bbc0940000] _byte_map_base: 0x000001bbc0140000

Marking Bits (Prev, Next): (CMBitMap*) 0x000001bbad35e3d8, (CMBitMap*) 0x000001bbad35e410
 Prev Bits: [0x000001bbc0d40000, 0x000001bbc2d40000)
 Next Bits: [0x000001bbc2d40000, 0x000001bbc4d40000)

Polling page: 0x000001bbab2b0000

Metaspace:

Usage:
  Non-class:    111.54 MB capacity,   109.53 MB ( 98%) used,     1.65 MB (  1%) free+waste,   363.38 KB ( <1%) overhead. 
      Class:     16.51 MB capacity,    15.36 MB ( 93%) used,  1017.03 KB (  6%) free+waste,   162.81 KB ( <1%) overhead. 
       Both:    128.05 MB capacity,   124.89 MB ( 98%) used,     2.64 MB (  2%) free+waste,   526.19 KB ( <1%) overhead. 

Virtual space:
  Non-class space:      112.00 MB reserved,     111.75 MB (>99%) committed 
      Class space:        1.00 GB reserved,      16.63 MB (  2%) committed 
             Both:        1.11 GB reserved,     128.38 MB ( 11%) committed 

Chunk freelists:
   Non-Class:  25.00 KB
       Class:  23.00 KB
        Both:  48.00 KB

MaxMetaspaceSize: 17179869184.00 GB
CompressedClassSpaceSize: 1.00 GB

CodeHeap 'non-profiled nmethods': size=120000Kb used=8369Kb max_used=8369Kb free=111630Kb
 bounds [0x000001bbb88e0000, 0x000001bbb9110000, 0x000001bbbfe10000]
CodeHeap 'profiled nmethods': size=120000Kb used=35168Kb max_used=35168Kb free=84831Kb
 bounds [0x000001bbb13b0000, 0x000001bbb3610000, 0x000001bbb88e0000]
CodeHeap 'non-nmethods': size=5760Kb used=2423Kb max_used=2461Kb free=3336Kb
 bounds [0x000001bbb0e10000, 0x000001bbb1080000, 0x000001bbb13b0000]
 total_blobs=17673 nmethods=16585 adapters=999
 compilation: enabled
              stopped_count=0, restarted_count=0
 full_count=0

Compilation events (20 events):
Event: 174.092 Thread 0x000001bbc7fee000 nmethod 17264 0x000001bbb35f2e10 code [0x000001bbb35f2fe0, 0x000001bbb35f3328]
Event: 174.092 Thread 0x000001bbc7fee000 17259       3       org.gradle.internal.execution.steps.CaptureStateBeforeExecutionStep::captureExecutionStateOp (49 bytes)
Event: 174.095 Thread 0x000001bbc7fee000 nmethod 17259 0x000001bbb35f3490 code [0x000001bbb35f3860, 0x000001bbb35f55b8]
Event: 174.095 Thread 0x000001bbc7fee000 17271       3       org.gradle.internal.serialize.kryo.KryoBackedEncoder::writeSmallLong (11 bytes)
Event: 174.096 Thread 0x000001bbc7fee000 nmethod 17271 0x000001bbb35f5f10 code [0x000001bbb35f60e0, 0x000001bbb35f6288]
Event: 174.096 Thread 0x000001bbc7fee000 17265       3       org.gradle.internal.serialize.AbstractEncoder::writeBinary (9 bytes)
Event: 174.096 Thread 0x000001bbc7fee000 nmethod 17265 0x000001bbb35f6390 code [0x000001bbb35f6560, 0x000001bbb35f68d8]
Event: 174.096 Thread 0x000001bbc7fee000 17266       3       org.gradle.internal.serialize.AbstractEncoder::writeBinary (13 bytes)
Event: 174.096 Thread 0x000001bbc7fee000 nmethod 17266 0x000001bbb35f6a10 code [0x000001bbb35f6be0, 0x000001bbb35f6e78]
Event: 174.096 Thread 0x000001bbc7fee000 17267       3       org.gradle.internal.execution.history.impl.FileSystemSnapshotSerializer::access$200 (7 bytes)
Event: 174.096 Thread 0x000001bbc7fee000 nmethod 17267 0x000001bbb35f6f90 code [0x000001bbb35f7160, 0x000001bbb35f7548]
Event: 174.096 Thread 0x000001bbc7fee000 17268       3       org.gradle.internal.execution.history.impl.FileSystemSnapshotSerializer::writePath (26 bytes)
Event: 174.097 Thread 0x000001bbc7fee000 nmethod 17268 0x000001bbb35f7690 code [0x000001bbb35f7860, 0x000001bbb35f7be8]
Event: 174.097 Thread 0x000001bbc7fee000 17269       3       org.gradle.internal.execution.history.impl.FileSystemSnapshotSerializer::access$300 (6 bytes)
Event: 174.097 Thread 0x000001bbc7fee000 nmethod 17269 0x000001bbb35f7d10 code [0x000001bbb35f7ee0, 0x000001bbb35f8108]
Event: 174.097 Thread 0x000001bbc7fee000 17270       3       org.gradle.internal.execution.history.impl.FileSystemSnapshotSerializer::writeAccessType (12 bytes)
Event: 174.097 Thread 0x000001bbc7fee000 nmethod 17270 0x000001bbb35f8210 code [0x000001bbb35f83c0, 0x000001bbb35f8588]
Event: 174.097 Thread 0x000001bbc7fee000 17272       3       org.gradle.internal.execution.history.impl.FileSystemSnapshotSerializer::access$400 (6 bytes)
Event: 174.097 Thread 0x000001bbc7fee000 nmethod 17272 0x000001bbb35f8690 code [0x000001bbb35f88a0, 0x000001bbb35f8fa8]
Event: 174.098 Thread 0x000001bbc7fee000 17273       3       org.gradle.internal.execution.history.impl.FileSystemSnapshotSerializer::writeHashCode (11 bytes)

GC Heap History (20 events):
Event: 162.137 GC heap before
{Heap before GC invocations=83 (full 0):
 garbage-first heap   total 155648K, used 142223K [0x0000000080000000, 0x0000000100000000)
  region size 1024K, 7 young (7168K), 1 survivors (1024K)
 Metaspace       used 119191K, capacity 122355K, committed 122624K, reserved 1155072K
  class space    used 14889K, capacity 16035K, committed 16128K, reserved 1048576K
}
Event: 162.146 GC heap after
{Heap after GC invocations=84 (full 0):
 garbage-first heap   total 187392K, used 136009K [0x0000000080000000, 0x0000000100000000)
  region size 1024K, 1 young (1024K), 1 survivors (1024K)
 Metaspace       used 119191K, capacity 122355K, committed 122624K, reserved 1155072K
  class space    used 14889K, capacity 16035K, committed 16128K, reserved 1048576K
}
Event: 162.595 GC heap before
{Heap before GC invocations=84 (full 0):
 garbage-first heap   total 187392K, used 152393K [0x0000000080000000, 0x0000000100000000)
  region size 1024K, 17 young (17408K), 1 survivors (1024K)
 Metaspace       used 119234K, capacity 122423K, committed 122624K, reserved 1155072K
  class space    used 14891K, capacity 16036K, committed 16128K, reserved 1048576K
}
Event: 162.600 GC heap after
{Heap after GC invocations=85 (full 0):
 garbage-first heap   total 187392K, used 136548K [0x0000000080000000, 0x0000000100000000)
  region size 1024K, 2 young (2048K), 2 survivors (2048K)
 Metaspace       used 119234K, capacity 122423K, committed 122624K, reserved 1155072K
  class space    used 14891K, capacity 16036K, committed 16128K, reserved 1048576K
}
Event: 162.897 GC heap before
{Heap before GC invocations=85 (full 0):
 garbage-first heap   total 187392K, used 152932K [0x0000000080000000, 0x0000000100000000)
  region size 1024K, 18 young (18432K), 2 survivors (2048K)
 Metaspace       used 119242K, capacity 122423K, committed 122624K, reserved 1155072K
  class space    used 14891K, capacity 16036K, committed 16128K, reserved 1048576K
}
Event: 162.902 GC heap after
{Heap after GC invocations=86 (full 0):
 garbage-first heap   total 187392K, used 136605K [0x0000000080000000, 0x0000000100000000)
  region size 1024K, 2 young (2048K), 2 survivors (2048K)
 Metaspace       used 119242K, capacity 122423K, committed 122624K, reserved 1155072K
  class space    used 14891K, capacity 16036K, committed 16128K, reserved 1048576K
}
Event: 163.027 GC heap before
{Heap before GC invocations=86 (full 0):
 garbage-first heap   total 187392K, used 155037K [0x0000000080000000, 0x0000000100000000)
  region size 1024K, 20 young (20480K), 2 survivors (2048K)
 Metaspace       used 119243K, capacity 122423K, committed 122624K, reserved 1155072K
  class space    used 14891K, capacity 16036K, committed 16128K, reserved 1048576K
}
Event: 163.031 GC heap after
{Heap after GC invocations=87 (full 0):
 garbage-first heap   total 187392K, used 136565K [0x0000000080000000, 0x0000000100000000)
  region size 1024K, 2 young (2048K), 2 survivors (2048K)
 Metaspace       used 119243K, capacity 122423K, committed 122624K, reserved 1155072K
  class space    used 14891K, capacity 16036K, committed 16128K, reserved 1048576K
}
Event: 163.632 GC heap before
{Heap before GC invocations=87 (full 0):
 garbage-first heap   total 187392K, used 166261K [0x0000000080000000, 0x0000000100000000)
  region size 1024K, 21 young (21504K), 2 survivors (2048K)
 Metaspace       used 119264K, capacity 122429K, committed 122624K, reserved 1155072K
  class space    used 14894K, capacity 16038K, committed 16128K, reserved 1048576K
}
Event: 163.645 GC heap after
{Heap after GC invocations=88 (full 0):
 garbage-first heap   total 225280K, used 143269K [0x0000000080000000, 0x0000000100000000)
  region size 1024K, 3 young (3072K), 3 survivors (3072K)
 Metaspace       used 119264K, capacity 122429K, committed 122624K, reserved 1155072K
  class space    used 14894K, capacity 16038K, committed 16128K, reserved 1048576K
}
Event: 164.967 GC heap before
{Heap before GC invocations=89 (full 0):
 garbage-first heap   total 225280K, used 178085K [0x0000000080000000, 0x0000000100000000)
  region size 1024K, 35 young (35840K), 3 survivors (3072K)
 Metaspace       used 122021K, capacity 125247K, committed 125440K, reserved 1159168K
  class space    used 15121K, capacity 16276K, committed 16384K, reserved 1048576K
}
Event: 164.984 GC heap after
{Heap after GC invocations=90 (full 0):
 garbage-first heap   total 225280K, used 144312K [0x0000000080000000, 0x0000000100000000)
  region size 1024K, 5 young (5120K), 5 survivors (5120K)
 Metaspace       used 122021K, capacity 125247K, committed 125440K, reserved 1159168K
  class space    used 15121K, capacity 16276K, committed 16384K, reserved 1048576K
}
Event: 165.392 GC heap before
{Heap before GC invocations=90 (full 0):
 garbage-first heap   total 225280K, used 177080K [0x0000000080000000, 0x0000000100000000)
  region size 1024K, 37 young (37888K), 5 survivors (5120K)
 Metaspace       used 122811K, capacity 125983K, committed 126208K, reserved 1159168K
  class space    used 15156K, capacity 16308K, committed 16384K, reserved 1048576K
}
Event: 165.400 GC heap after
{Heap after GC invocations=91 (full 0):
 garbage-first heap   total 225280K, used 146405K [0x0000000080000000, 0x0000000100000000)
  region size 1024K, 2 young (2048K), 2 survivors (2048K)
 Metaspace       used 122811K, capacity 125983K, committed 126208K, reserved 1159168K
  class space    used 15156K, capacity 16308K, committed 16384K, reserved 1048576K
}
Event: 165.683 GC heap before
{Heap before GC invocations=91 (full 0):
 garbage-first heap   total 225280K, used 179173K [0x0000000080000000, 0x0000000100000000)
  region size 1024K, 35 young (35840K), 2 survivors (2048K)
 Metaspace       used 123642K, capacity 126816K, committed 126976K, reserved 1159168K
  class space    used 15222K, capacity 16372K, committed 16384K, reserved 1048576K
}
Event: 165.688 GC heap after
{Heap after GC invocations=92 (full 0):
 garbage-first heap   total 225280K, used 148866K [0x0000000080000000, 0x0000000100000000)
  region size 1024K, 5 young (5120K), 5 survivors (5120K)
 Metaspace       used 123642K, capacity 126816K, committed 126976K, reserved 1159168K
  class space    used 15222K, capacity 16372K, committed 16384K, reserved 1048576K
}
Event: 167.978 GC heap before
{Heap before GC invocations=92 (full 0):
 garbage-first heap   total 225280K, used 181634K [0x0000000080000000, 0x0000000100000000)
  region size 1024K, 38 young (38912K), 5 survivors (5120K)
 Metaspace       used 124836K, capacity 128046K, committed 128128K, reserved 1161216K
  class space    used 15345K, capacity 16482K, committed 16512K, reserved 1048576K
}
Event: 167.982 GC heap after
{Heap after GC invocations=93 (full 0):
 garbage-first heap   total 225280K, used 147986K [0x0000000080000000, 0x0000000100000000)
  region size 1024K, 1 young (1024K), 1 survivors (1024K)
 Metaspace       used 124836K, capacity 128046K, committed 128128K, reserved 1161216K
  class space    used 15345K, capacity 16482K, committed 16512K, reserved 1048576K
}
Event: 169.883 GC heap before
{Heap before GC invocations=93 (full 0):
 garbage-first heap   total 225280K, used 182802K [0x0000000080000000, 0x0000000100000000)
  region size 1024K, 36 young (36864K), 1 survivors (1024K)
 Metaspace       used 127101K, capacity 130286K, committed 130560K, reserved 1163264K
  class space    used 15651K, capacity 16802K, committed 16896K, reserved 1048576K
}
Event: 169.887 GC heap after
{Heap after GC invocations=94 (full 0):
 garbage-first heap   total 225280K, used 148291K [0x0000000080000000, 0x0000000100000000)
  region size 1024K, 1 young (1024K), 1 survivors (1024K)
 Metaspace       used 127101K, capacity 130286K, committed 130560K, reserved 1163264K
  class space    used 15651K, capacity 16802K, committed 16896K, reserved 1048576K
}

Deoptimization events (20 events):
Event: 170.844 Thread 0x000001bbd0662000 DEOPT PACKING pc=0x000001bbb9004cc8 sp=0x0000007d842fdbc0
Event: 170.844 Thread 0x000001bbd0662000 DEOPT UNPACKING pc=0x000001bbb0e378af sp=0x0000007d842fdb80 mode 2
Event: 170.844 Thread 0x000001bbd0662000 Uncommon trap: trap_request=0xffffff4d fr.pc=0x000001bbb8ffd220 relative=0x00000000000004e0
Event: 170.844 Thread 0x000001bbd0662000 Uncommon trap: reason=unstable_if action=reinterpret pc=0x000001bbb8ffd220 method=org.apache.xerces.dom.ParentNode.nodeListItem(I)Lorg/w3c/dom/Node; @ 26 c2
Event: 170.844 Thread 0x000001bbd0662000 DEOPT PACKING pc=0x000001bbb8ffd220 sp=0x0000007d842fddc0
Event: 170.844 Thread 0x000001bbd0662000 DEOPT UNPACKING pc=0x000001bbb0e378af sp=0x0000007d842fdd60 mode 2
Event: 170.949 Thread 0x000001bbd065d800 Uncommon trap: trap_request=0xffffffc6 fr.pc=0x000001bbb8c87938 relative=0x0000000000000178
Event: 170.949 Thread 0x000001bbd065d800 Uncommon trap: reason=bimorphic_or_optimized_type_check action=maybe_recompile pc=0x000001bbb8c87938 method=com.google.common.collect.ImmutableList.hashCode()I @ 23 c2
Event: 170.949 Thread 0x000001bbd065d800 DEOPT PACKING pc=0x000001bbb8c87938 sp=0x0000007d83cfccc0
Event: 170.949 Thread 0x000001bbd065d800 DEOPT UNPACKING pc=0x000001bbb0e378af sp=0x0000007d83cfcc58 mode 2
Event: 171.005 Thread 0x000001bbd065e000 Uncommon trap: trap_request=0xffffffde fr.pc=0x000001bbb9004cc8 relative=0x0000000000000108
Event: 171.005 Thread 0x000001bbd065e000 Uncommon trap: reason=class_check action=maybe_recompile pc=0x000001bbb9004cc8 method=org.apache.xerces.dom.ElementImpl.getTagName()Ljava/lang/String; @ 8 c2
Event: 171.005 Thread 0x000001bbd065e000 DEOPT PACKING pc=0x000001bbb9004cc8 sp=0x0000007d844fdd60
Event: 171.005 Thread 0x000001bbd065e000 DEOPT UNPACKING pc=0x000001bbb0e378af sp=0x0000007d844fdd20 mode 2
Event: 171.006 Thread 0x000001bbc809c000 DEOPT PACKING pc=0x000001bbb2aa3818 sp=0x0000007d83afc430
Event: 171.006 Thread 0x000001bbc809c000 DEOPT UNPACKING pc=0x000001bbb0e376ce sp=0x0000007d83afb930 mode 0
Event: 171.008 Thread 0x000001bbc809c000 DEOPT PACKING pc=0x000001bbb343100f sp=0x0000007d83afaa80
Event: 171.008 Thread 0x000001bbc809c000 DEOPT UNPACKING pc=0x000001bbb0e376ce sp=0x0000007d83af9fa8 mode 0
Event: 171.010 Thread 0x000001bbc809c000 DEOPT PACKING pc=0x000001bbb343100f sp=0x0000007d83afb080
Event: 171.010 Thread 0x000001bbc809c000 DEOPT UNPACKING pc=0x000001bbb0e376ce sp=0x0000007d83afa5a8 mode 0

Classes redefined (0 events):
No events

Internal exceptions (20 events):
Event: 160.578 Thread 0x000001bbcc363000 Exception <a 'java/lang/NoSuchMethodError'{0x00000000892539f0}: <clinit>> (0x00000000892539f0) thrown at [./src/hotspot/share/prims/jni.cpp, line 1362]
Event: 160.578 Thread 0x000001bbcc363000 Exception <a 'java/lang/NoSuchMethodError'{0x0000000089257100}: <clinit>> (0x0000000089257100) thrown at [./src/hotspot/share/prims/jni.cpp, line 1362]
Event: 160.582 Thread 0x000001bbcc363000 Exception <a 'java/lang/NoSuchMethodError'{0x0000000089276588}: <clinit>> (0x0000000089276588) thrown at [./src/hotspot/share/prims/jni.cpp, line 1362]
Event: 160.586 Thread 0x000001bbcc363000 Exception <a 'java/lang/NoSuchMethodError'{0x0000000089294db0}: <clinit>> (0x0000000089294db0) thrown at [./src/hotspot/share/prims/jni.cpp, line 1362]
Event: 160.591 Thread 0x000001bbcc363000 Exception <a 'java/lang/NoSuchMethodError'{0x00000000892c1270}: <clinit>> (0x00000000892c1270) thrown at [./src/hotspot/share/prims/jni.cpp, line 1362]
Event: 160.598 Thread 0x000001bbcc363000 Exception <a 'java/lang/NoSuchMethodError'{0x00000000892d8f28}: <clinit>> (0x00000000892d8f28) thrown at [./src/hotspot/share/prims/jni.cpp, line 1362]
Event: 160.814 Thread 0x000001bbd0661800 Exception <a 'java/lang/ClassNotFoundException'{0x0000000089385850}: sun/awt/resources/spi/awtProvider> (0x0000000089385850) thrown at [./src/hotspot/share/classfile/systemDictionary.cpp, line 231]
Event: 160.907 Thread 0x000001bbcc363000 Exception <a 'java/lang/NoSuchMethodError'{0x000000008970cd50}: <clinit>> (0x000000008970cd50) thrown at [./src/hotspot/share/prims/jni.cpp, line 1362]
Event: 160.937 Thread 0x000001bbd0661800 Exception <a 'java/io/FileNotFoundException'{0x0000000089611cf0}> (0x0000000089611cf0) thrown at [./src/hotspot/share/prims/jni.cpp, line 615]
Event: 160.939 Thread 0x000001bbd0661800 Exception <a 'java/io/FileNotFoundException'{0x0000000089616108}> (0x0000000089616108) thrown at [./src/hotspot/share/prims/jni.cpp, line 615]
Event: 163.415 Thread 0x000001bbcc363000 Implicit null exception at 0x000001bbb900f2fd to 0x000001bbb90144e8
Event: 163.416 Thread 0x000001bbcc363000 Implicit null exception at 0x000001bbb900f2fd to 0x000001bbb90144e8
Event: 163.588 Thread 0x000001bbcc363000 Implicit null exception at 0x000001bbb900f2fd to 0x000001bbb90144e8
Event: 164.449 Thread 0x000001bbcc363000 Exception <a 'java/lang/NoSuchMethodError'{0x000000008d9cebe8}: <clinit>> (0x000000008d9cebe8) thrown at [./src/hotspot/share/prims/jni.cpp, line 1362]
Event: 165.730 Thread 0x000001bbd0664000 Exception <a 'sun/nio/fs/WindowsException'{0x000000008d7d1008}> (0x000000008d7d1008) thrown at [./src/hotspot/share/prims/jni.cpp, line 615]
Event: 165.731 Thread 0x000001bbd0664000 Exception <a 'sun/nio/fs/WindowsException'{0x000000008d7f9400}> (0x000000008d7f9400) thrown at [./src/hotspot/share/prims/jni.cpp, line 615]
Event: 165.793 Thread 0x000001bbd0664000 Exception <a 'sun/nio/fs/WindowsException'{0x000000008d7f9760}> (0x000000008d7f9760) thrown at [./src/hotspot/share/prims/jni.cpp, line 615]
Event: 165.793 Thread 0x000001bbd0664000 Exception <a 'sun/nio/fs/WindowsException'{0x000000008d7fa620}> (0x000000008d7fa620) thrown at [./src/hotspot/share/prims/jni.cpp, line 615]
Event: 165.793 Thread 0x000001bbd0664000 Exception <a 'sun/nio/fs/WindowsException'{0x000000008d7fa960}> (0x000000008d7fa960) thrown at [./src/hotspot/share/prims/jni.cpp, line 615]
Event: 165.794 Thread 0x000001bbd0664000 Exception <a 'sun/nio/fs/WindowsException'{0x000000008d7fb810}> (0x000000008d7fb810) thrown at [./src/hotspot/share/prims/jni.cpp, line 615]

Events (20 events):
Event: 170.842 loading class com/android/build/gradle/tasks/XmlDocumentUtilsKt
Event: 170.842 loading class com/android/build/gradle/tasks/XmlDocumentUtilsKt done
Event: 170.864 loading class org/gradle/internal/work/DefaultWorkerLeaseService$5$1
Event: 170.864 loading class org/gradle/internal/work/DefaultWorkerLeaseService$5$1 done
Event: 170.886 loading class com/android/ide/common/resources/AssetFile
Event: 170.886 loading class com/android/ide/common/resources/AssetFile done
Event: 170.888 Executing VM operation: Deoptimize
Event: 170.891 Executing VM operation: Deoptimize done
Event: 170.895 loading class com/android/ide/common/resources/AssetMerger
Event: 170.895 loading class com/android/ide/common/resources/AssetMerger done
Event: 170.902 loading class com/android/ide/common/resources/MergedAssetWriter
Event: 170.902 loading class com/android/ide/common/resources/MergedAssetWriter done
Event: 170.946 Executing VM operation: RevokeBias
Event: 170.946 Executing VM operation: RevokeBias done
Event: 170.950 loading class org/gradle/api/file/ReproducibleFileVisitor
Event: 170.950 loading class org/gradle/api/file/ReproducibleFileVisitor done
Event: 170.955 loading class org/gradle/api/internal/file/collections/DefaultDirectoryWalker$PathVisitor
Event: 170.955 loading class org/gradle/api/internal/file/collections/DefaultDirectoryWalker$PathVisitor done
Event: 170.958 loading class java/nio/file/FileTreeWalker$1
Event: 170.960 loading class java/nio/file/FileTreeWalker$1 done


Dynamic libraries:
0x00007ff71ad40000 - 0x00007ff71ad4a000 	E:\Android Studio\jre\bin\java.exe
0x00007fff16d70000 - 0x00007fff16f65000 	C:\WINDOWS\SYSTEM32\ntdll.dll
0x00007fff16c70000 - 0x00007fff16d2e000 	C:\WINDOWS\System32\KERNEL32.DLL
0x00007fff14780000 - 0x00007fff14a48000 	C:\WINDOWS\System32\KERNELBASE.dll
0x00007ffeea640000 - 0x00007ffeea659000 	E:\Android Studio\jre\bin\jli.dll
0x00007fff14490000 - 0x00007fff14590000 	C:\WINDOWS\System32\ucrtbase.dll
0x00007ffeea620000 - 0x00007ffeea637000 	E:\Android Studio\jre\bin\VCRUNTIME140.dll
0x00007fff16420000 - 0x00007fff165c1000 	C:\WINDOWS\System32\USER32.dll
0x00007fff14bb0000 - 0x00007fff14bd2000 	C:\WINDOWS\System32\win32u.dll
0x00007ffefb370000 - 0x00007ffefb60a000 	C:\WINDOWS\WinSxS\amd64_microsoft.windows.common-controls_6595b64144ccf1df_6.0.19041.1110_none_60b5254171f9507e\COMCTL32.dll
0x00007fff16ab0000 - 0x00007fff16adb000 	C:\WINDOWS\System32\GDI32.dll
0x00007fff150c0000 - 0x00007fff1515e000 	C:\WINDOWS\System32\msvcrt.dll
0x00007fff14590000 - 0x00007fff1469b000 	C:\WINDOWS\System32\gdi32full.dll
0x00007fff14be0000 - 0x00007fff14c7d000 	C:\WINDOWS\System32\msvcp_win.dll
0x00007fff163e0000 - 0x00007fff16410000 	C:\WINDOWS\System32\IMM32.DLL
0x00007ffed21d0000 - 0x00007ffed226d000 	E:\Android Studio\jre\bin\msvcp140.dll
0x00007ffe74950000 - 0x00007ffe7541f000 	E:\Android Studio\jre\bin\server\jvm.dll
0x00007fff16bc0000 - 0x00007fff16c6c000 	C:\WINDOWS\System32\ADVAPI32.dll
0x00007fff15020000 - 0x00007fff150bb000 	C:\WINDOWS\System32\sechost.dll
0x00007fff15610000 - 0x00007fff1573a000 	C:\WINDOWS\System32\RPCRT4.dll
0x00007fff15b20000 - 0x00007fff15b28000 	C:\WINDOWS\System32\PSAPI.DLL
0x00007ffefb680000 - 0x00007ffefb6a7000 	C:\WINDOWS\SYSTEM32\WINMM.dll
0x00007ffef8280000 - 0x00007ffef8289000 	C:\WINDOWS\SYSTEM32\WSOCK32.dll
0x00007fff16370000 - 0x00007fff163db000 	C:\WINDOWS\System32\WS2_32.dll
0x00007fff0ce00000 - 0x00007fff0ce0a000 	C:\WINDOWS\SYSTEM32\VERSION.dll
0x00007fff12570000 - 0x00007fff12582000 	C:\WINDOWS\SYSTEM32\kernel.appcore.dll
0x00007ffee1980000 - 0x00007ffee1991000 	E:\Android Studio\jre\bin\verify.dll
0x00007fff11fa0000 - 0x00007fff12184000 	C:\WINDOWS\SYSTEM32\DBGHELP.DLL
0x00007ffefda80000 - 0x00007ffefdaac000 	C:\WINDOWS\SYSTEM32\dbgcore.DLL
0x00007fff14d30000 - 0x00007fff14db3000 	C:\WINDOWS\System32\bcryptPrimitives.dll
0x00007ffed8e90000 - 0x00007ffed8eb9000 	E:\Android Studio\jre\bin\java.dll
0x00007fff0fc50000 - 0x00007fff0fc5b000 	E:\Android Studio\jre\bin\jimage.dll
0x00007ffed8810000 - 0x00007ffed8828000 	E:\Android Studio\jre\bin\zip.dll
0x00007fff15c30000 - 0x00007fff1636f000 	C:\WINDOWS\System32\SHELL32.dll
0x00007fff12590000 - 0x00007fff12d20000 	C:\WINDOWS\SYSTEM32\windows.storage.dll
0x00007fff15740000 - 0x00007fff15a95000 	C:\WINDOWS\System32\combase.dll
0x00007fff13ee0000 - 0x00007fff13f0e000 	C:\WINDOWS\SYSTEM32\Wldp.dll
0x00007fff152a0000 - 0x00007fff1534d000 	C:\WINDOWS\System32\SHCORE.dll
0x00007fff15550000 - 0x00007fff155a5000 	C:\WINDOWS\System32\shlwapi.dll
0x00007fff143d0000 - 0x00007fff143ef000 	C:\WINDOWS\SYSTEM32\profapi.dll
0x00007ffed87c0000 - 0x00007ffed87da000 	E:\Android Studio\jre\bin\net.dll
0x00007fff08850000 - 0x00007fff0895c000 	C:\WINDOWS\SYSTEM32\WINHTTP.dll
0x00007fff13c40000 - 0x00007fff13caa000 	C:\WINDOWS\system32\mswsock.dll
0x00007ffed8760000 - 0x00007ffed8774000 	E:\Android Studio\jre\bin\nio.dll
0x00007ffe92d30000 - 0x00007ffe92d57000 	C:\Users\ASUS\.gradle\native\8bec1ad78214c89d9ad589b4d07fe93259594b29d510b10fafb7a158f7737e5d\windows-amd64\native-platform.dll
0x00007ffe69b30000 - 0x00007ffe69c6d000 	C:\Users\ASUS\.gradle\native\53dbd7edfb1c66fb8903c78663c9afc45aea4f116125fa6feffd364cf09443e8\windows-amd64\native-platform-file-events.dll
0x00007fff0fb40000 - 0x00007fff0fb4a000 	E:\Android Studio\jre\bin\management.dll
0x00007fff0ec50000 - 0x00007fff0ec5c000 	E:\Android Studio\jre\bin\management_ext.dll
0x00007fff13e30000 - 0x00007fff13e48000 	C:\WINDOWS\SYSTEM32\CRYPTSP.dll
0x00007fff13540000 - 0x00007fff13574000 	C:\WINDOWS\system32\rsaenh.dll
0x00007fff146a0000 - 0x00007fff146c7000 	C:\WINDOWS\System32\bcrypt.dll
0x00007fff14350000 - 0x00007fff1437e000 	C:\WINDOWS\SYSTEM32\USERENV.dll
0x00007fff13e50000 - 0x00007fff13e5c000 	C:\WINDOWS\SYSTEM32\CRYPTBASE.dll
0x00007fff138e0000 - 0x00007fff1391b000 	C:\WINDOWS\SYSTEM32\IPHLPAPI.DLL
0x00007fff15b30000 - 0x00007fff15b38000 	C:\WINDOWS\System32\NSI.dll
0x00007fff0c560000 - 0x00007fff0c577000 	C:\WINDOWS\SYSTEM32\dhcpcsvc6.DLL
0x00007fff0b410000 - 0x00007fff0b42d000 	C:\WINDOWS\SYSTEM32\dhcpcsvc.DLL
0x00007fff13920000 - 0x00007fff139eb000 	C:\WINDOWS\SYSTEM32\DNSAPI.dll
0x00007ffee1200000 - 0x00007ffee1227000 	E:\Android Studio\jre\bin\sunec.dll
0x00007fff08a30000 - 0x00007fff08a3a000 	C:\Windows\System32\rasadhlp.dll
0x00007fff05220000 - 0x00007fff0529f000 	C:\WINDOWS\System32\fwpuclnt.dll
0x00007ffe747a0000 - 0x00007ffe74944000 	E:\Android Studio\jre\bin\awt.dll
0x00007fff15480000 - 0x00007fff1554d000 	C:\WINDOWS\System32\OLEAUT32.dll
0x00007fff12190000 - 0x00007fff121bf000 	C:\WINDOWS\SYSTEM32\dwmapi.dll
0x00007fff119e0000 - 0x00007fff11a70000 	C:\WINDOWS\SYSTEM32\apphelp.dll
0x00007fff11b10000 - 0x00007fff11bae000 	C:\WINDOWS\system32\uxtheme.dll

dbghelp: loaded successfully - version: 4.0.5 - missing functions: none
symbol engine: initialized successfully - sym options: 0x614 - pdb path: .;E:\Android Studio\jre\bin;C:\WINDOWS\SYSTEM32;C:\WINDOWS\WinSxS\amd64_microsoft.windows.common-controls_6595b64144ccf1df_6.0.19041.1110_none_60b5254171f9507e;E:\Android Studio\jre\bin\server;C:\Users\ASUS\.gradle\native\8bec1ad78214c89d9ad589b4d07fe93259594b29d510b10fafb7a158f7737e5d\windows-amd64;C:\Users\ASUS\.gradle\native\53dbd7edfb1c66fb8903c78663c9afc45aea4f116125fa6feffd364cf09443e8\windows-amd64

VM Arguments:
jvm_args: --add-opens=java.base/java.util=ALL-UNNAMED --add-opens=java.base/java.lang=ALL-UNNAMED --add-opens=java.base/java.lang.invoke=ALL-UNNAMED --add-opens=java.base/java.util=ALL-UNNAMED --add-opens=java.prefs/java.util.prefs=ALL-UNNAMED --add-opens=java.prefs/java.util.prefs=ALL-UNNAMED --add-opens=java.base/java.nio.charset=ALL-UNNAMED --add-opens=java.base/java.net=ALL-UNNAMED --add-opens=java.base/java.util.concurrent.atomic=ALL-UNNAMED -Xmx2048m -Dfile.encoding=UTF-8 -Duser.country=US -Duser.language=en -Duser.variant 
java_command: org.gradle.launcher.daemon.bootstrap.GradleDaemon 7.0.2
java_class_path (initial): C:\Users\ASUS\.gradle\wrapper\dists\gradle-7.0.2-bin\857tjihv64xamwrf0h14cai3r\gradle-7.0.2\lib\gradle-launcher-7.0.2.jar
Launcher Type: SUN_STANDARD

[Global flags]
     intx CICompilerCount                          = 4                                         {product} {ergonomic}
     uint ConcGCThreads                            = 2                                         {product} {ergonomic}
     uint G1ConcRefinementThreads                  = 8                                         {product} {ergonomic}
   size_t G1HeapRegionSize                         = 1048576                                   {product} {ergonomic}
    uintx GCDrainStackTargetSize                   = 64                                        {product} {ergonomic}
   size_t InitialHeapSize                          = 132120576                                 {product} {ergonomic}
   size_t MarkStackSize                            = 4194304                                   {product} {ergonomic}
   size_t MaxHeapSize                              = 2147483648                                {product} {command line}
   size_t MaxNewSize                               = 1287651328                                {product} {ergonomic}
   size_t MinHeapDeltaBytes                        = 1048576                                   {product} {ergonomic}
    uintx NonNMethodCodeHeapSize                   = 5836300                                {pd product} {ergonomic}
    uintx NonProfiledCodeHeapSize                  = 122910970                              {pd product} {ergonomic}
    uintx ProfiledCodeHeapSize                     = 122910970                              {pd product} {ergonomic}
    uintx ReservedCodeCacheSize                    = 251658240                              {pd product} {ergonomic}
     bool SegmentedCodeCache                       = true                                      {product} {ergonomic}
     bool UseCompressedClassPointers               = true                                 {lp64_product} {ergonomic}
     bool UseCompressedOops                        = true                                 {lp64_product} {ergonomic}
     bool UseG1GC                                  = true                                      {product} {ergonomic}
     bool UseLargePagesIndividualAllocation        = false                                  {pd product} {ergonomic}

Logging:
Log output configuration:
 #0: stdout all=warning uptime,level,tags
 #1: stderr all=off uptime,level,tags

Environment Variables:
PATH=C:\ProgramData\Oracle\Java\javapath;C:\Windows\system32;C:\Windows;C:\Windows\System32\Wbem;C:\Windows\System32\WindowsPowerShell\v1.0\;C:\Windows\System32\OpenSSH\;C:\Program Files (x86)\NVIDIA Corporation\PhysX\Common;C:\Program Files\NVIDIA Corporation\NVIDIA NvDLISR;C:\Program Files\Git\cmd;C:\WINDOWS\system32;C:\WINDOWS;C:\WINDOWS\System32\Wbem;C:\WINDOWS\System32\WindowsPowerShell\v1.0\;C:\WINDOWS\System32\OpenSSH\;C:\Users\ASUS\AppData\Local\Microsoft\WindowsApps;C:\Users\ASUS\AppData\Local\GitHubDesktop\bin;;E:\VS Code\Microsoft VS Code\bin
USERNAME=ASUS
OS=Windows_NT
PROCESSOR_IDENTIFIER=Intel64 Family 6 Model 158 Stepping 10, GenuineIntel



---------------  S Y S T E M  ---------------

OS: Windows 10 , 64 bit Build 19041 (10.0.19041.1348)
OS uptime: 0 days 16:33 hours

CPU:total 8 (initial active 8) (4 cores per cpu, 2 threads per core) family 6 model 158 stepping 10 microcode 0xca, cmov, cx8, fxsr, mmx, sse, sse2, sse3, ssse3, sse4.1, sse4.2, popcnt, avx, avx2, aes, clmul, erms, 3dnowpref, lzcnt, ht, tsc, tscinvbit, bmi1, bmi2, adx, fma

Memory: 4k page, system-wide physical 8043M (45M free)
TotalPageFile size 32008M (AvailPageFile size 0M)
current process WorkingSet (physical memory assigned to process): 382M, peak: 409M
current process commit charge ("private bytes"): 555M, peak: 571M

vm_info: OpenJDK 64-Bit Server VM (11.0.10+0-b96-7249189) for windows-amd64 JRE (11.0.10+0-b96-7249189), built on Mar 31 2021 21:44:00 by "builder" with MS VC++ 14.0 (VS2015)

END.
